<?xml version="1.0" encoding="UTF-8"?>
<testsuites name="New Test Suite Collection" time="39.079" tests="5" failures="0" errors="0">
   <testsuite name="TS1" tests="2" failures="0" errors="0" time="20.554" skipped="0" timestamp="2023-01-04 14:05:15" hostname="darsh - MruHP" id="Test Suites/TS1">
      <properties>
         <property name="deviceName" value=""/>
         <property name="devicePlatform" value=""/>
         <property name="logFolder" value="C:\\AutomationWork\\Katalon_Projects\\TestAutomation\\Reports\\20230104_140507\\TS1\\20230104_140508"/>
         <property name="logFiles" value="C:\\AutomationWork\\Katalon_Projects\\TestAutomation\\Reports\\20230104_140507\\TS1\\20230104_140508\\execution0.log"/>
         <property name="attachments" value=""/>
         <property name="hostName" value="darsh - MruHP"/>
         <property name="os" value="Windows 10 64bit"/>
         <property name="katalonVersion" value="8.5.5.208"/>
         <property name="browser" value="Chrome 108.0.0.0"/>
         <property name="hostAddress" value="192.168.0.11"/>
         <property name="sessionId" value="adac92c2b2848a8ef04dbd08552f631d"/>
         <property name="seleniumVersion" value="3.141.59"/>
         <property name="proxyInformation" value="ProxyInformation { proxyOption=NO_PROXY, proxyServerType=HTTP, username=, password=********, proxyServerAddress=, proxyServerPort=0, executionList=&quot;&quot;, isApplyToDesiredCapabilities=true }"/>
         <property name="platform" value="Windows 10"/>
      </properties>
      <testcase name="Test Cases/SmokeTest/Test1_RecordMode" time="13.384" classname="Test Cases/SmokeTest/Test1_RecordMode" status="PASSED">
         <system-out><![CDATA[2023-01-04 14:05:15 - [TEST_CASE][PASSED] - Test Cases/SmokeTest/Test1_RecordMode: Test Cases/SmokeTest/Test1_RecordMode

2023-01-04 14:05:16 - [TEST_STEP][PASSED] - openBrowser(""): Browser is opened with url: ''

2023-01-04 14:05:16 - [MESSAGE][INFO] - Starting 'Chrome' driver

2023-01-04 14:05:16 - [MESSAGE][INFO] - Action delay is set to 0 milliseconds

2023-01-04 14:05:19 - [MESSAGE][PASSED] - Browser is opened with url: ''

2023-01-04 14:05:19 - [TEST_STEP][PASSED] - navigateToUrl("https://katalon-demo-cura.herokuapp.com/"): Navigate to 'https://katalon-demo-cura.herokuapp.com/' successfully

2023-01-04 14:05:19 - [MESSAGE][PASSED] - Navigate to 'https://katalon-demo-cura.herokuapp.com/' successfully

2023-01-04 14:05:19 - [TEST_STEP][PASSED] - click(findTestObject("Object Repository/Page_CURA Healthcare Service/a_Make Appointment")): Object: 'Object Repository/Page_CURA Healthcare Service/a_Make Appointment' is clicked on

2023-01-04 14:05:20 - [MESSAGE][PASSED] - Object: 'Object Repository/Page_CURA Healthcare Service/a_Make Appointment' is clicked on

2023-01-04 14:05:20 - [TEST_STEP][PASSED] - setText(findTestObject("Object Repository/Page_CURA Healthcare Service/input_Username_username"), "John Doe"): Text 'John Doe' is set on object 'Object Repository/Page_CURA Healthcare Service/input_Username_username'

2023-01-04 14:05:21 - [MESSAGE][PASSED] - Text 'John Doe' is set on object 'Object Repository/Page_CURA Healthcare Service/input_Username_username'

2023-01-04 14:05:21 - [TEST_STEP][PASSED] - setEncryptedText(findTestObject("Object Repository/Page_CURA Healthcare Service/input_Password_password"), "9NLz+4tGZcQ="): Text ****** has been set on object 'Object Repository/Page_CURA Healthcare Service/input_Password_password'

2023-01-04 14:05:22 - [MESSAGE][PASSED] - Text ****** has been set on object 'Object Repository/Page_CURA Healthcare Service/input_Password_password'

2023-01-04 14:05:22 - [TEST_STEP][PASSED] - doubleClick(findTestObject("Object Repository/Page_CURA Healthcare Service/input_Demo account_form-control")): Object: 'Object Repository/Page_CURA Healthcare Service/input_Demo account_form-control' is double clicked on

2023-01-04 14:05:22 - [MESSAGE][PASSED] - Object: 'Object Repository/Page_CURA Healthcare Service/input_Demo account_form-control' is double clicked on

2023-01-04 14:05:22 - [TEST_STEP][PASSED] - setEncryptedText(findTestObject("Object Repository/Page_CURA Healthcare Service/input_Password_password"), "g3/DOGG74jC3Flrr3yH+3D/yKbOqqUNM"): Text ****** has been set on object 'Object Repository/Page_CURA Healthcare Service/input_Password_password'

2023-01-04 14:05:23 - [MESSAGE][PASSED] - Text ****** has been set on object 'Object Repository/Page_CURA Healthcare Service/input_Password_password'

2023-01-04 14:05:23 - [TEST_STEP][PASSED] - click(findTestObject("Object Repository/Page_CURA Healthcare Service/button_Login")): Object: 'Object Repository/Page_CURA Healthcare Service/button_Login' is clicked on

2023-01-04 14:05:23 - [MESSAGE][PASSED] - Object: 'Object Repository/Page_CURA Healthcare Service/button_Login' is clicked on

2023-01-04 14:05:23 - [TEST_STEP][PASSED] - click(findTestObject("Object Repository/Page_CURA Healthcare Service/label_Apply for hospital readmission")): Object: 'Object Repository/Page_CURA Healthcare Service/label_Apply for hospital readmission' is clicked on

2023-01-04 14:05:24 - [MESSAGE][PASSED] - Object: 'Object Repository/Page_CURA Healthcare Service/label_Apply for hospital readmission' is clicked on

2023-01-04 14:05:24 - [TEST_STEP][PASSED] - click(findTestObject("Object Repository/Page_CURA Healthcare Service/input_Visit Date (Required)_visit_date")): Object: 'Object Repository/Page_CURA Healthcare Service/input_Visit Date (Required)_visit_date' is clicked on

2023-01-04 14:05:24 - [MESSAGE][PASSED] - Object: 'Object Repository/Page_CURA Healthcare Service/input_Visit Date (Required)_visit_date' is clicked on

2023-01-04 14:05:24 - [TEST_STEP][PASSED] - click(findTestObject("Object Repository/Page_CURA Healthcare Service/td_24")): Object: 'Object Repository/Page_CURA Healthcare Service/td_24' is clicked on

2023-01-04 14:05:25 - [MESSAGE][PASSED] - Object: 'Object Repository/Page_CURA Healthcare Service/td_24' is clicked on

2023-01-04 14:05:25 - [TEST_STEP][PASSED] - click(findTestObject("Object Repository/Page_CURA Healthcare Service/body_CURA Healthcare                       _9d7cae")): Object: 'Object Repository/Page_CURA Healthcare Service/body_CURA Healthcare                       _9d7cae' is clicked on

2023-01-04 14:05:25 - [MESSAGE][PASSED] - Object: 'Object Repository/Page_CURA Healthcare Service/body_CURA Healthcare                       _9d7cae' is clicked on

2023-01-04 14:05:25 - [TEST_STEP][PASSED] - click(findTestObject("Object Repository/Page_CURA Healthcare Service/form_Facility                              _20adf0")): Object: 'Object Repository/Page_CURA Healthcare Service/form_Facility                              _20adf0' is clicked on

2023-01-04 14:05:26 - [MESSAGE][PASSED] - Object: 'Object Repository/Page_CURA Healthcare Service/form_Facility                              _20adf0' is clicked on

2023-01-04 14:05:26 - [TEST_STEP][PASSED] - setText(findTestObject("Object Repository/Page_CURA Healthcare Service/textarea_Comment_comment"), "Demo comment test"): Text 'Demo comment test' is set on object 'Object Repository/Page_CURA Healthcare Service/textarea_Comment_comment'

2023-01-04 14:05:27 - [MESSAGE][PASSED] - Text 'Demo comment test' is set on object 'Object Repository/Page_CURA Healthcare Service/textarea_Comment_comment'

2023-01-04 14:05:27 - [TEST_STEP][PASSED] - click(findTestObject("Object Repository/Page_CURA Healthcare Service/button_Book Appointment")): Object: 'Object Repository/Page_CURA Healthcare Service/button_Book Appointment' is clicked on

2023-01-04 14:05:27 - [MESSAGE][PASSED] - Object: 'Object Repository/Page_CURA Healthcare Service/button_Book Appointment' is clicked on

2023-01-04 14:05:27 - [TEST_STEP][PASSED] - verifyElementText(findTestObject("Object Repository/Page_CURA Healthcare Service/h2_Appointment Confirmation"), "Appointment Confirmation"): Actual text and expected text of test object 'Object Repository/Page_CURA Healthcare Service/h2_Appointment Confirmation' are matched.

2023-01-04 14:05:28 - [MESSAGE][PASSED] - Actual text and expected text of test object 'Object Repository/Page_CURA Healthcare Service/h2_Appointment Confirmation' are matched.

2023-01-04 14:05:28 - [TEST_STEP][PASSED] - verifyElementText(findTestObject("Object Repository/Page_CURA Healthcare Service/p_Please be informed that your appointment _11813a"), "Please be informed that your appointment has been booked as following:"): Actual text and expected text of test object 'Object Repository/Page_CURA Healthcare Service/p_Please be informed that your appointment _11813a' are matched.

2023-01-04 14:05:28 - [MESSAGE][PASSED] - Actual text and expected text of test object 'Object Repository/Page_CURA Healthcare Service/p_Please be informed that your appointment _11813a' are matched.

2023-01-04 14:05:28 - [TEST_STEP][PASSED] - closeBrowser(): Browser is closed

2023-01-04 14:05:29 - [MESSAGE][PASSED] - Browser is closed]]></system-out>
         <system-err><![CDATA[]]></system-err>
      </testcase>
      <testcase name="Test Cases/SmokeTest/Test3_ScriptMode" time="6.924" classname="Test Cases/SmokeTest/Test3_ScriptMode" status="PASSED">
         <system-out><![CDATA[2023-01-04 14:05:29 - [TEST_CASE][PASSED] - Test Cases/SmokeTest/Test3_ScriptMode: Test Cases/SmokeTest/Test3_ScriptMode

2023-01-04 14:05:29 - [TEST_STEP][PASSED] - openBrowser("https://opensource-demo.orangehrmlive.com"): Browser is opened with url: 'https://opensource-demo.orangehrmlive.com'

2023-01-04 14:05:29 - [MESSAGE][INFO] - Starting 'Chrome' driver

2023-01-04 14:05:29 - [MESSAGE][INFO] - Action delay is set to 0 milliseconds

2023-01-04 14:05:33 - [MESSAGE][PASSED] - Browser is opened with url: 'https://opensource-demo.orangehrmlive.com'

2023-01-04 14:05:33 - [TEST_STEP][PASSED] - setText(findTestObject("Object Repository/Page_OrangeHRM/input_Username_username"), "Admin"): Text 'Admin' is set on object 'Object Repository/Page_OrangeHRM/input_Username_username'

2023-01-04 14:05:34 - [MESSAGE][PASSED] - Text 'Admin' is set on object 'Object Repository/Page_OrangeHRM/input_Username_username'

2023-01-04 14:05:34 - [TEST_STEP][PASSED] - setText(findTestObject("Object Repository/Page_OrangeHRM/input_Password_password"), "admin123"): Text 'admin123' is set on object 'Object Repository/Page_OrangeHRM/input_Password_password'

2023-01-04 14:05:35 - [MESSAGE][PASSED] - Text 'admin123' is set on object 'Object Repository/Page_OrangeHRM/input_Password_password'

2023-01-04 14:05:35 - [TEST_STEP][PASSED] - click(findTestObject("Object Repository/Page_OrangeHRM/button_Login")): Object: 'Object Repository/Page_OrangeHRM/button_Login' is clicked on

2023-01-04 14:05:35 - [MESSAGE][PASSED] - Object: 'Object Repository/Page_OrangeHRM/button_Login' is clicked on

2023-01-04 14:05:35 - [TEST_STEP][PASSED] - closeBrowser(): Browser is closed

2023-01-04 14:05:36 - [MESSAGE][PASSED] - Browser is closed]]></system-out>
         <system-err><![CDATA[]]></system-err>
      </testcase>
      <system-out><![CDATA[2023-01-04 14:05:15 - [TEST_SUITE][PASSED] - TS1: Test Cases/SmokeTest/Test3_ScriptMode]]></system-out>
      <system-err><![CDATA[]]></system-err>
   </testsuite>
   <testsuite name="TS2" tests="3" failures="0" errors="0" time="30.483" skipped="0" timestamp="2023-01-04 14:05:18" hostname="darsh - MruHP" id="Test Suites/TS2">
      <properties>
         <property name="deviceName" value=""/>
         <property name="devicePlatform" value=""/>
         <property name="logFolder" value="C:\\AutomationWork\\Katalon_Projects\\TestAutomation\\Reports\\20230104_140507\\TS2\\20230104_140510"/>
         <property name="logFiles" value="C:\\AutomationWork\\Katalon_Projects\\TestAutomation\\Reports\\20230104_140507\\TS2\\20230104_140510\\execution0.log"/>
         <property name="attachments" value=""/>
         <property name="hostName" value="darsh - MruHP"/>
         <property name="os" value="Windows 10 64bit"/>
         <property name="katalonVersion" value="8.5.5.208"/>
         <property name="browser" value="Edge Chromium 108"/>
         <property name="hostAddress" value="192.168.0.11"/>
         <property name="sessionId" value="9d5177d9d62c954dbe43cbf10c874399"/>
         <property name="seleniumVersion" value="3.141.59"/>
         <property name="proxyInformation" value="ProxyInformation { proxyOption=NO_PROXY, proxyServerType=HTTP, username=, password=********, proxyServerAddress=, proxyServerPort=0, executionList=&quot;&quot;, isApplyToDesiredCapabilities=true }"/>
         <property name="platform" value="Windows 10"/>
      </properties>
      <testcase name="Test Cases/SmokeTest/Test1_RecordMode" time="12.573" classname="Test Cases/SmokeTest/Test1_RecordMode" status="PASSED">
         <system-out><![CDATA[2023-01-04 14:05:19 - [TEST_CASE][PASSED] - Test Cases/SmokeTest/Test1_RecordMode: Test Cases/SmokeTest/Test1_RecordMode

2023-01-04 14:05:19 - [TEST_STEP][PASSED] - openBrowser(""): Browser is opened with url: ''

2023-01-04 14:05:19 - [MESSAGE][INFO] - Starting 'Edge Chromium' driver

2023-01-04 14:05:20 - [MESSAGE][INFO] - Action delay is set to 0 milliseconds

2023-01-04 14:05:22 - [MESSAGE][PASSED] - Browser is opened with url: ''

2023-01-04 14:05:22 - [TEST_STEP][PASSED] - navigateToUrl("https://katalon-demo-cura.herokuapp.com/"): Navigate to 'https://katalon-demo-cura.herokuapp.com/' successfully

2023-01-04 14:05:22 - [MESSAGE][PASSED] - Navigate to 'https://katalon-demo-cura.herokuapp.com/' successfully

2023-01-04 14:05:22 - [TEST_STEP][PASSED] - click(findTestObject("Object Repository/Page_CURA Healthcare Service/a_Make Appointment")): Object: 'Object Repository/Page_CURA Healthcare Service/a_Make Appointment' is clicked on

2023-01-04 14:05:23 - [MESSAGE][PASSED] - Object: 'Object Repository/Page_CURA Healthcare Service/a_Make Appointment' is clicked on

2023-01-04 14:05:23 - [TEST_STEP][PASSED] - setText(findTestObject("Object Repository/Page_CURA Healthcare Service/input_Username_username"), "John Doe"): Text 'John Doe' is set on object 'Object Repository/Page_CURA Healthcare Service/input_Username_username'

2023-01-04 14:05:24 - [MESSAGE][PASSED] - Text 'John Doe' is set on object 'Object Repository/Page_CURA Healthcare Service/input_Username_username'

2023-01-04 14:05:24 - [TEST_STEP][PASSED] - setEncryptedText(findTestObject("Object Repository/Page_CURA Healthcare Service/input_Password_password"), "9NLz+4tGZcQ="): Text ****** has been set on object 'Object Repository/Page_CURA Healthcare Service/input_Password_password'

2023-01-04 14:05:25 - [MESSAGE][PASSED] - Text ****** has been set on object 'Object Repository/Page_CURA Healthcare Service/input_Password_password'

2023-01-04 14:05:25 - [TEST_STEP][PASSED] - doubleClick(findTestObject("Object Repository/Page_CURA Healthcare Service/input_Demo account_form-control")): Object: 'Object Repository/Page_CURA Healthcare Service/input_Demo account_form-control' is double clicked on

2023-01-04 14:05:25 - [MESSAGE][PASSED] - Object: 'Object Repository/Page_CURA Healthcare Service/input_Demo account_form-control' is double clicked on

2023-01-04 14:05:25 - [TEST_STEP][PASSED] - setEncryptedText(findTestObject("Object Repository/Page_CURA Healthcare Service/input_Password_password"), "g3/DOGG74jC3Flrr3yH+3D/yKbOqqUNM"): Text ****** has been set on object 'Object Repository/Page_CURA Healthcare Service/input_Password_password'

2023-01-04 14:05:26 - [MESSAGE][PASSED] - Text ****** has been set on object 'Object Repository/Page_CURA Healthcare Service/input_Password_password'

2023-01-04 14:05:26 - [TEST_STEP][PASSED] - click(findTestObject("Object Repository/Page_CURA Healthcare Service/button_Login")): Object: 'Object Repository/Page_CURA Healthcare Service/button_Login' is clicked on

2023-01-04 14:05:26 - [MESSAGE][PASSED] - Object: 'Object Repository/Page_CURA Healthcare Service/button_Login' is clicked on

2023-01-04 14:05:26 - [TEST_STEP][PASSED] - click(findTestObject("Object Repository/Page_CURA Healthcare Service/label_Apply for hospital readmission")): Object: 'Object Repository/Page_CURA Healthcare Service/label_Apply for hospital readmission' is clicked on

2023-01-04 14:05:27 - [MESSAGE][PASSED] - Object: 'Object Repository/Page_CURA Healthcare Service/label_Apply for hospital readmission' is clicked on

2023-01-04 14:05:27 - [TEST_STEP][PASSED] - click(findTestObject("Object Repository/Page_CURA Healthcare Service/input_Visit Date (Required)_visit_date")): Object: 'Object Repository/Page_CURA Healthcare Service/input_Visit Date (Required)_visit_date' is clicked on

2023-01-04 14:05:27 - [MESSAGE][PASSED] - Object: 'Object Repository/Page_CURA Healthcare Service/input_Visit Date (Required)_visit_date' is clicked on

2023-01-04 14:05:27 - [TEST_STEP][PASSED] - click(findTestObject("Object Repository/Page_CURA Healthcare Service/td_24")): Object: 'Object Repository/Page_CURA Healthcare Service/td_24' is clicked on

2023-01-04 14:05:27 - [MESSAGE][PASSED] - Object: 'Object Repository/Page_CURA Healthcare Service/td_24' is clicked on

2023-01-04 14:05:27 - [TEST_STEP][PASSED] - click(findTestObject("Object Repository/Page_CURA Healthcare Service/body_CURA Healthcare                       _9d7cae")): Object: 'Object Repository/Page_CURA Healthcare Service/body_CURA Healthcare                       _9d7cae' is clicked on

2023-01-04 14:05:28 - [MESSAGE][PASSED] - Object: 'Object Repository/Page_CURA Healthcare Service/body_CURA Healthcare                       _9d7cae' is clicked on

2023-01-04 14:05:28 - [TEST_STEP][PASSED] - click(findTestObject("Object Repository/Page_CURA Healthcare Service/form_Facility                              _20adf0")): Object: 'Object Repository/Page_CURA Healthcare Service/form_Facility                              _20adf0' is clicked on

2023-01-04 14:05:28 - [MESSAGE][PASSED] - Object: 'Object Repository/Page_CURA Healthcare Service/form_Facility                              _20adf0' is clicked on

2023-01-04 14:05:28 - [TEST_STEP][PASSED] - setText(findTestObject("Object Repository/Page_CURA Healthcare Service/textarea_Comment_comment"), "Demo comment test"): Text 'Demo comment test' is set on object 'Object Repository/Page_CURA Healthcare Service/textarea_Comment_comment'

2023-01-04 14:05:29 - [MESSAGE][PASSED] - Text 'Demo comment test' is set on object 'Object Repository/Page_CURA Healthcare Service/textarea_Comment_comment'

2023-01-04 14:05:29 - [TEST_STEP][PASSED] - click(findTestObject("Object Repository/Page_CURA Healthcare Service/button_Book Appointment")): Object: 'Object Repository/Page_CURA Healthcare Service/button_Book Appointment' is clicked on

2023-01-04 14:05:30 - [MESSAGE][PASSED] - Object: 'Object Repository/Page_CURA Healthcare Service/button_Book Appointment' is clicked on

2023-01-04 14:05:30 - [TEST_STEP][PASSED] - verifyElementText(findTestObject("Object Repository/Page_CURA Healthcare Service/h2_Appointment Confirmation"), "Appointment Confirmation"): Actual text and expected text of test object 'Object Repository/Page_CURA Healthcare Service/h2_Appointment Confirmation' are matched.

2023-01-04 14:05:30 - [MESSAGE][PASSED] - Actual text and expected text of test object 'Object Repository/Page_CURA Healthcare Service/h2_Appointment Confirmation' are matched.

2023-01-04 14:05:30 - [TEST_STEP][PASSED] - verifyElementText(findTestObject("Object Repository/Page_CURA Healthcare Service/p_Please be informed that your appointment _11813a"), "Please be informed that your appointment has been booked as following:"): Actual text and expected text of test object 'Object Repository/Page_CURA Healthcare Service/p_Please be informed that your appointment _11813a' are matched.

2023-01-04 14:05:31 - [MESSAGE][PASSED] - Actual text and expected text of test object 'Object Repository/Page_CURA Healthcare Service/p_Please be informed that your appointment _11813a' are matched.

2023-01-04 14:05:31 - [TEST_STEP][PASSED] - closeBrowser(): Browser is closed

2023-01-04 14:05:31 - [MESSAGE][PASSED] - Browser is closed]]></system-out>
         <system-err><![CDATA[]]></system-err>
      </testcase>
      <testcase name="Test Cases/SmokeTest/Test2_ManualMode" time="10.965" classname="Test Cases/SmokeTest/Test2_ManualMode" status="PASSED">
         <system-out><![CDATA[2023-01-04 14:05:31 - [TEST_CASE][PASSED] - Test Cases/SmokeTest/Test2_ManualMode: Test Cases/SmokeTest/Test2_ManualMode

2023-01-04 14:05:32 - [TEST_STEP][PASSED] - openBrowser(""): Browser is opened with url: ''

2023-01-04 14:05:32 - [MESSAGE][INFO] - Starting 'Edge Chromium' driver

2023-01-04 14:05:32 - [MESSAGE][INFO] - Action delay is set to 0 milliseconds

2023-01-04 14:05:33 - [MESSAGE][PASSED] - Browser is opened with url: ''

2023-01-04 14:05:33 - [TEST_STEP][PASSED] - navigateToUrl("https://opensource-demo.orangehrmlive.com"): Navigate to 'https://opensource-demo.orangehrmlive.com' successfully

2023-01-04 14:05:35 - [MESSAGE][PASSED] - Navigate to 'https://opensource-demo.orangehrmlive.com' successfully

2023-01-04 14:05:35 - [TEST_STEP][PASSED] - setText(findTestObject("Page_OrangeHRM/input_Username_username"), "Admin"): Text 'Admin' is set on object 'Object Repository/Page_OrangeHRM/input_Username_username'

2023-01-04 14:05:36 - [MESSAGE][PASSED] - Text 'Admin' is set on object 'Object Repository/Page_OrangeHRM/input_Username_username'

2023-01-04 14:05:36 - [TEST_STEP][PASSED] - setEncryptedText(findTestObject("Page_OrangeHRM/input_Password_password"), "hUKwJTbofgPU9eVlw/CnDQ=="): Text ****** has been set on object 'Object Repository/Page_OrangeHRM/input_Password_password'

2023-01-04 14:05:37 - [MESSAGE][PASSED] - Text ****** has been set on object 'Object Repository/Page_OrangeHRM/input_Password_password'

2023-01-04 14:05:37 - [TEST_STEP][PASSED] - click(findTestObject("Page_OrangeHRM/button_Login")): Object: 'Object Repository/Page_OrangeHRM/button_Login' is clicked on

2023-01-04 14:05:37 - [MESSAGE][PASSED] - Object: 'Object Repository/Page_OrangeHRM/button_Login' is clicked on

2023-01-04 14:05:37 - [TEST_STEP][PASSED] - delay(2): Delayed 2 second(s)

2023-01-04 14:05:39 - [MESSAGE][PASSED] - Delayed 2 second(s)

2023-01-04 14:05:39 - [TEST_STEP][PASSED] - verifyElementPresent(findTestObject("Page_OrangeHRM/input_Admin_oxd-input oxd-input--focus"), 30): Object 'Object Repository/Page_OrangeHRM/input_Admin_oxd-input oxd-input--focus' is present

2023-01-04 14:05:40 - [MESSAGE][PASSED] - Object 'Object Repository/Page_OrangeHRM/input_Admin_oxd-input oxd-input--focus' is present

2023-01-04 14:05:40 - [TEST_STEP][PASSED] - delay(2): Delayed 2 second(s)

2023-01-04 14:05:42 - [MESSAGE][PASSED] - Delayed 2 second(s)

2023-01-04 14:05:42 - [TEST_STEP][PASSED] - closeBrowser(): Browser is closed

2023-01-04 14:05:42 - [MESSAGE][PASSED] - Browser is closed]]></system-out>
         <system-err><![CDATA[]]></system-err>
      </testcase>
      <testcase name="Test Cases/SmokeTest/Test3_ScriptMode" time="6.619" classname="Test Cases/SmokeTest/Test3_ScriptMode" status="PASSED">
         <system-out><![CDATA[2023-01-04 14:05:42 - [TEST_CASE][PASSED] - Test Cases/SmokeTest/Test3_ScriptMode: Test Cases/SmokeTest/Test3_ScriptMode

2023-01-04 14:05:43 - [TEST_STEP][PASSED] - openBrowser("https://opensource-demo.orangehrmlive.com"): Browser is opened with url: 'https://opensource-demo.orangehrmlive.com'

2023-01-04 14:05:43 - [MESSAGE][INFO] - Starting 'Edge Chromium' driver

2023-01-04 14:05:43 - [MESSAGE][INFO] - Action delay is set to 0 milliseconds

2023-01-04 14:05:46 - [MESSAGE][PASSED] - Browser is opened with url: 'https://opensource-demo.orangehrmlive.com'

2023-01-04 14:05:46 - [TEST_STEP][PASSED] - setText(findTestObject("Object Repository/Page_OrangeHRM/input_Username_username"), "Admin"): Text 'Admin' is set on object 'Object Repository/Page_OrangeHRM/input_Username_username'

2023-01-04 14:05:47 - [MESSAGE][PASSED] - Text 'Admin' is set on object 'Object Repository/Page_OrangeHRM/input_Username_username'

2023-01-04 14:05:47 - [TEST_STEP][PASSED] - setText(findTestObject("Object Repository/Page_OrangeHRM/input_Password_password"), "admin123"): Text 'admin123' is set on object 'Object Repository/Page_OrangeHRM/input_Password_password'

2023-01-04 14:05:48 - [MESSAGE][PASSED] - Text 'admin123' is set on object 'Object Repository/Page_OrangeHRM/input_Password_password'

2023-01-04 14:05:48 - [TEST_STEP][PASSED] - click(findTestObject("Object Repository/Page_OrangeHRM/button_Login")): Object: 'Object Repository/Page_OrangeHRM/button_Login' is clicked on

2023-01-04 14:05:48 - [MESSAGE][PASSED] - Object: 'Object Repository/Page_OrangeHRM/button_Login' is clicked on

2023-01-04 14:05:48 - [TEST_STEP][PASSED] - closeBrowser(): Browser is closed

2023-01-04 14:05:49 - [MESSAGE][PASSED] - Browser is closed]]></system-out>
         <system-err><![CDATA[]]></system-err>
      </testcase>
      <system-out><![CDATA[2023-01-04 14:05:18 - [TEST_SUITE][PASSED] - TS2: Test Cases/SmokeTest/Test3_ScriptMode]]></system-out>
      <system-err><![CDATA[]]></system-err>
   </testsuite>
</testsuites>
